<?xml version="1.0" encoding="UTF-8"?>
<!-- Generated by org.testng.reporters.JUnitReportReporter -->
<testsuite hostname="DESKTOP-I44L1MS" failures="0" tests="1" name="testcases.LoginTestCases" time="4.246" errors="0" timestamp="2025-07-02T05:47:37 IST" skipped="0">
  <testcase classname="testcases.LoginTestCases" name="verifyLoginWithInvalidData" time="4.246"/>
</testsuite> <!-- testcases.LoginTestCases -->
