<?xml version="1.0" encoding="UTF-8"?>
<!-- Generated by org.testng.reporters.JUnitReportReporter -->
<testsuite hostname="DESKTOP-I44L1MS" failures="0" tests="2" name="testcases.RegistrationTestCases" time="21.243" errors="0" timestamp="2025-07-10T08:18:08 IST" skipped="1">
  <testcase classname="testcases.RegistrationTestCases" name="verifyRegistrationWithValidData" time="21.243"/>
  <testcase classname="testcases.RegistrationTestCases" name="verifyRegistrationWithBlankData">
    <skipped/>
  </testcase> <!-- verifyRegistrationWithBlankData -->
</testsuite> <!-- testcases.RegistrationTestCases -->
