<?xml version="1.0" encoding="UTF-8"?>
<!-- Generated by org.testng.reporters.JUnitReportReporter -->
<testsuite hostname="DESKTOP-I44L1MS" failures="0" tests="1" name="testcases.AddToCartTestCase" time="6.966" errors="0" timestamp="2025-07-02T20:00:01 IST" skipped="0">
  <testcase classname="testcases.AddToCartTestCase" name="verifyAddToCartwithvaliddata" time="6.966"/>
</testsuite> <!-- testcases.AddToCartTestCase -->
